c:\users\usuario_local\downloads\practica1\practica1\x64\debug\vc143.pdb
c:\users\usuario_local\downloads\practica1\practica1\x64\debug\vc143.idb
c:\users\usuario_local\downloads\practica1\practica1\x64\debug\tablero.obj
c:\users\usuario_local\downloads\practica1\practica1\x64\debug\main_buscaminas.obj
c:\users\usuario_local\downloads\practica1\practica1\x64\debug\listaundo.obj
c:\users\usuario_local\downloads\practica1\practica1\x64\debug\listaposiciones.obj
c:\users\usuario_local\downloads\practica1\practica1\x64\debug\juego.obj
c:\users\usuario_local\downloads\practica1\practica1\x64\debug\inputoutput.obj
c:\users\usuario_local\downloads\practica1\practica1\x64\debug\celda.obj
c:\users\usuario_local\downloads\practica1\x64\debug\practica1.exe
c:\users\usuario_local\downloads\practica1\x64\debug\practica1.pdb
c:\users\usuario_local\downloads\practica1\practica1\x64\debug\practica1.ilk
c:\users\usuario_local\downloads\practica1\practica1\x64\debug\main_buscaminas.obj.enc
c:\users\usuario_local\downloads\practica1\practica1\x64\debug\practica1.tlog\cl.command.1.tlog
c:\users\usuario_local\downloads\practica1\practica1\x64\debug\practica1.tlog\cl.items.tlog
c:\users\usuario_local\downloads\practica1\practica1\x64\debug\practica1.tlog\cl.read.1.tlog
c:\users\usuario_local\downloads\practica1\practica1\x64\debug\practica1.tlog\cl.write.1.tlog
c:\users\usuario_local\downloads\practica1\practica1\x64\debug\practica1.tlog\link.command.1.tlog
c:\users\usuario_local\downloads\practica1\practica1\x64\debug\practica1.tlog\link.read.1.tlog
c:\users\usuario_local\downloads\practica1\practica1\x64\debug\practica1.tlog\link.secondary.1.tlog
c:\users\usuario_local\downloads\practica1\practica1\x64\debug\practica1.tlog\link.write.1.tlog
